Determining if the pthread_create exist failed with the following output:
Change Dir: /home/guan/文档/Manager/build/CMakeFiles/CMakeTmp

Run Build Command:"/usr/bin/make" "cmTC_b2aed/fast"
/usr/bin/make -f CMakeFiles/cmTC_b2aed.dir/build.make CMakeFiles/cmTC_b2aed.dir/build
make[1]: 进入目录“/home/guan/文档/Manager/build/CMakeFiles/CMakeTmp”
Building C object CMakeFiles/cmTC_b2aed.dir/CheckSymbolExists.c.o
/usr/bin/cc   -std=c99     -o CMakeFiles/cmTC_b2aed.dir/CheckSymbolExists.c.o   -c /home/guan/文档/Manager/build/CMakeFiles/CMakeTmp/CheckSymbolExists.c
Linking C executable cmTC_b2aed
/usr/bin/cmake -E cmake_link_script CMakeFiles/cmTC_b2aed.dir/link.txt --verbose=1
/usr/bin/cc  -std=c99      -rdynamic CMakeFiles/cmTC_b2aed.dir/CheckSymbolExists.c.o  -o cmTC_b2aed 
CMakeFiles/cmTC_b2aed.dir/CheckSymbolExists.c.o：在函数‘main’中：
CheckSymbolExists.c:(.text+0x1b)：对‘pthread_create’未定义的引用
collect2: error: ld returned 1 exit status
CMakeFiles/cmTC_b2aed.dir/build.make:97: recipe for target 'cmTC_b2aed' failed
make[1]: *** [cmTC_b2aed] Error 1
make[1]: 离开目录“/home/guan/文档/Manager/build/CMakeFiles/CMakeTmp”
Makefile:126: recipe for target 'cmTC_b2aed/fast' failed
make: *** [cmTC_b2aed/fast] Error 2

File /home/guan/文档/Manager/build/CMakeFiles/CMakeTmp/CheckSymbolExists.c:
/* */
#include <pthread.h>

int main(int argc, char** argv)
{
  (void)argv;
#ifndef pthread_create
  return ((int*)(&pthread_create))[argc];
#else
  (void)argc;
  return 0;
#endif
}

Determining if the function pthread_create exists in the pthreads failed with the following output:
Change Dir: /home/guan/文档/Manager/build/CMakeFiles/CMakeTmp

Run Build Command:"/usr/bin/make" "cmTC_36dde/fast"
/usr/bin/make -f CMakeFiles/cmTC_36dde.dir/build.make CMakeFiles/cmTC_36dde.dir/build
make[1]: 进入目录“/home/guan/文档/Manager/build/CMakeFiles/CMakeTmp”
Building C object CMakeFiles/cmTC_36dde.dir/CheckFunctionExists.c.o
/usr/bin/cc   -std=c99  -DCHECK_FUNCTION_EXISTS=pthread_create   -o CMakeFiles/cmTC_36dde.dir/CheckFunctionExists.c.o   -c /usr/share/cmake-3.10/Modules/CheckFunctionExists.c
Linking C executable cmTC_36dde
/usr/bin/cmake -E cmake_link_script CMakeFiles/cmTC_36dde.dir/link.txt --verbose=1
/usr/bin/cc  -std=c99  -DCHECK_FUNCTION_EXISTS=pthread_create    -rdynamic CMakeFiles/cmTC_36dde.dir/CheckFunctionExists.c.o  -o cmTC_36dde -lpthreads 
/usr/bin/ld: 找不到 -lpthreads
collect2: error: ld returned 1 exit status
CMakeFiles/cmTC_36dde.dir/build.make:97: recipe for target 'cmTC_36dde' failed
make[1]: *** [cmTC_36dde] Error 1
make[1]: 离开目录“/home/guan/文档/Manager/build/CMakeFiles/CMakeTmp”
Makefile:126: recipe for target 'cmTC_36dde/fast' failed
make: *** [cmTC_36dde/fast] Error 2


